TID: [] [ES] [2014-09-22 09:30:37,568]  INFO {org.wso2.carbon.core.internal.CarbonCoreActivator} -  Starting WSO2 Carbon... {org.wso2.carbon.core.internal.CarbonCoreActivator}
TID: [] [ES] [2014-09-22 09:30:37,569]  INFO {org.wso2.carbon.core.internal.CarbonCoreActivator} -  Operating System : Linux 3.13.0-24-generic, amd64 {org.wso2.carbon.core.internal.CarbonCoreActivator}
TID: [] [ES] [2014-09-22 09:30:37,569]  INFO {org.wso2.carbon.core.internal.CarbonCoreActivator} -  Java Home        : /usr/lib/jvm/java-6-oracle/jre {org.wso2.carbon.core.internal.CarbonCoreActivator}
TID: [] [ES] [2014-09-22 09:30:37,569]  INFO {org.wso2.carbon.core.internal.CarbonCoreActivator} -  Java Version     : 1.6.0_45 {org.wso2.carbon.core.internal.CarbonCoreActivator}
TID: [] [ES] [2014-09-22 09:30:37,569]  INFO {org.wso2.carbon.core.internal.CarbonCoreActivator} -  Java VM          : Java HotSpot(TM) 64-Bit Server VM 20.45-b01,Sun Microsystems Inc. {org.wso2.carbon.core.internal.CarbonCoreActivator}
TID: [] [ES] [2014-09-22 09:30:37,569]  INFO {org.wso2.carbon.core.internal.CarbonCoreActivator} -  Carbon Home      : /home/denuwanthi/G-reg/Feature-LCDashboard/testforESpart/ESM3/storeonly/testforDefaultLCState/wso2es-1.2.0-SNAPSHOT {org.wso2.carbon.core.internal.CarbonCoreActivator}
TID: [] [ES] [2014-09-22 09:30:37,569]  INFO {org.wso2.carbon.core.internal.CarbonCoreActivator} -  Java Temp Dir    : /home/denuwanthi/G-reg/Feature-LCDashboard/testforESpart/ESM3/storeonly/testforDefaultLCState/wso2es-1.2.0-SNAPSHOT/tmp {org.wso2.carbon.core.internal.CarbonCoreActivator}
TID: [] [ES] [2014-09-22 09:30:37,569]  INFO {org.wso2.carbon.core.internal.CarbonCoreActivator} -  User             : denuwanthi, en-US, Asia/Colombo {org.wso2.carbon.core.internal.CarbonCoreActivator}
TID: [] [ES] [2014-09-22 09:30:37,613]  WARN {org.wso2.carbon.core.bootup.validator.util.ValidationResultPrinter} -  Carbon is configured to use the default keystore (wso2carbon.jks). To maximize security when deploying to a production environment, configure a new keystore with a unique password in the production server profile. {org.wso2.carbon.core.bootup.validator.util.ValidationResultPrinter}
TID: [] [ES] [2014-09-22 09:30:38,736]  INFO {org.wso2.carbon.registry.core.jdbc.EmbeddedRegistryService} -  Configured Registry in 41ms {org.wso2.carbon.registry.core.jdbc.EmbeddedRegistryService}
TID: [] [ES] [2014-09-22 09:30:38,797]  INFO {org.wso2.carbon.registry.core.internal.RegistryCoreServiceComponent} -  Registry Mode    : READ-WRITE {org.wso2.carbon.registry.core.internal.RegistryCoreServiceComponent}
TID: [] [ES] [2014-09-22 09:30:38,900]  INFO {org.wso2.carbon.identity.application.mgt.internal.ApplicationManagementServiceComponent} -  Identity ApplicationManagementComponent bundle is activated {org.wso2.carbon.identity.application.mgt.internal.ApplicationManagementServiceComponent}
TID: [] [ES] [2014-09-22 09:30:39,585]  INFO {org.wso2.carbon.social.sql.internal.SQLSocialComponent} -  Social Activity service is activated  with SQL Implementation {org.wso2.carbon.social.sql.internal.SQLSocialComponent}
TID: [] [ES] [2014-09-22 09:30:39,653]  INFO {org.wso2.carbon.user.core.internal.UserStoreMgtDSComponent} -  Carbon UserStoreMgtDSComponent activated successfully. {org.wso2.carbon.user.core.internal.UserStoreMgtDSComponent}
TID: [] [ES] [2014-09-22 09:30:39,849]  INFO {org.wso2.jaggery.scxml.Activator} -  Activating org.wso2.jaggery.scxml with RealmService enabled {org.wso2.jaggery.scxml.Activator}
TID: [] [ES] [2014-09-22 09:30:44,071]  INFO {org.apache.axis2.deployment.ClusterBuilder} -  Clustering has been disabled {org.apache.axis2.deployment.ClusterBuilder}
TID: [] [ES] [2014-09-22 09:30:44,071]  INFO {org.apache.axis2.deployment.ClusterBuilder} -  Clustering has been disabled {org.apache.axis2.deployment.ClusterBuilder}
TID: [] [ES] [2014-09-22 09:30:44,162]  INFO {org.wso2.carbon.identity.user.store.configuration.deployer.UserStoreConfigurationDeployer} -  User Store Configuration Deployer initiated. {org.wso2.carbon.identity.user.store.configuration.deployer.UserStoreConfigurationDeployer}
TID: [] [ES] [2014-09-22 09:30:44,164]  INFO {org.apache.axis2.transport.tcp.TCPTransportSender} -  TCP Sender started {org.apache.axis2.transport.tcp.TCPTransportSender}
TID: [] [ES] [2014-09-22 09:30:44,164]  INFO {org.apache.axis2.transport.tcp.TCPTransportSender} -  TCP Sender started {org.apache.axis2.transport.tcp.TCPTransportSender}
TID: [] [ES] [2014-09-22 09:30:44,236]  INFO {org.wso2.carbon.core.deployment.DeploymentInterceptor} -  Deploying Axis2 service: echo {super-tenant} {org.wso2.carbon.core.deployment.DeploymentInterceptor}
TID: [] [ES] [2014-09-22 09:30:44,238]  INFO {org.apache.axis2.deployment.DeploymentEngine} -  Deploying Web service: Echo.aar - file:/home/denuwanthi/G-reg/Feature-LCDashboard/testforESpart/ESM3/storeonly/testforDefaultLCState/wso2es-1.2.0-SNAPSHOT/repository/deployment/server/axis2services/Echo.aar {org.apache.axis2.deployment.DeploymentEngine}
TID: [] [ES] [2014-09-22 09:30:44,238]  INFO {org.apache.axis2.deployment.DeploymentEngine} -  Deploying Web service: Echo.aar - file:/home/denuwanthi/G-reg/Feature-LCDashboard/testforESpart/ESM3/storeonly/testforDefaultLCState/wso2es-1.2.0-SNAPSHOT/repository/deployment/server/axis2services/Echo.aar {org.apache.axis2.deployment.DeploymentEngine}
TID: [] [ES] [2014-09-22 09:30:47,046]  INFO {org.apache.shiro.config.IniSecurityManagerFactory} -  Realms have been explicitly set on the SecurityManager instance - auto-setting of realms will not occur. {org.apache.shiro.config.IniSecurityManagerFactory}
TID: [] [ES] [2014-09-22 09:30:47,046]  INFO {org.apache.shiro.config.IniSecurityManagerFactory} -  Realms have been explicitly set on the SecurityManager instance - auto-setting of realms will not occur. {org.apache.shiro.config.IniSecurityManagerFactory}
TID: [] [ES] [2014-09-22 09:30:47,047]  INFO {org.apache.shiro.realm.AuthorizingRealm} -  No cache or cacheManager properties have been set.  Authorization cache cannot be obtained. {org.apache.shiro.realm.AuthorizingRealm}
TID: [] [ES] [2014-09-22 09:30:47,047]  INFO {org.apache.shiro.realm.AuthorizingRealm} -  No cache or cacheManager properties have been set.  Authorization cache cannot be obtained. {org.apache.shiro.realm.AuthorizingRealm}
TID: [] [ES] [2014-09-22 09:30:47,058]  INFO {org.wso2.carbon.webapp.mgt.TomcatGenericWebappsDeployer} -  Deployed webapp: StandardEngine[Catalina].StandardHost[localhost].StandardContext[/].File[/home/denuwanthi/G-reg/Feature-LCDashboard/testforESpart/ESM3/storeonly/testforDefaultLCState/wso2es-1.2.0-SNAPSHOT/repository/deployment/server/webapps/ROOT] {org.wso2.carbon.webapp.mgt.TomcatGenericWebappsDeployer}
TID: [] [ES] [2014-09-22 09:30:47,115]  INFO {org.wso2.carbon.core.deployment.DeploymentInterceptor} -  Deploying Axis2 service: Version {super-tenant} {org.wso2.carbon.core.deployment.DeploymentInterceptor}
TID: [] [ES] [2014-09-22 09:30:47,115]  INFO {org.apache.axis2.deployment.DeploymentEngine} -  Deploying Web service: Version.aar - file:/home/denuwanthi/G-reg/Feature-LCDashboard/testforESpart/ESM3/storeonly/testforDefaultLCState/wso2es-1.2.0-SNAPSHOT/repository/deployment/server/axis2services/Version.aar {org.apache.axis2.deployment.DeploymentEngine}
TID: [] [ES] [2014-09-22 09:30:47,115]  INFO {org.apache.axis2.deployment.DeploymentEngine} -  Deploying Web service: Version.aar - file:/home/denuwanthi/G-reg/Feature-LCDashboard/testforESpart/ESM3/storeonly/testforDefaultLCState/wso2es-1.2.0-SNAPSHOT/repository/deployment/server/axis2services/Version.aar {org.apache.axis2.deployment.DeploymentEngine}
TID: [] [ES] [2014-09-22 09:30:48,323]  INFO {JAGGERY.config.app:js} -  Emitting event : tenantLoad {JAGGERY.config.app:js}
TID: [] [ES] [2014-09-22 09:30:48,372]  INFO {rxt.core} -  RXT paths: ["/_system/governance/repository/components/org.wso2.carbon.governance/types/api.rxt", "/_system/governance/repository/components/org.wso2.carbon.governance/types/ebook.rxt", "/_system/governance/repository/components/org.wso2.carbon.governance/types/gadget.rxt", "/_system/governance/repository/components/org.wso2.carbon.governance/types/policy.rxt", "/_system/governance/repository/components/org.wso2.carbon.governance/types/project.rxt", "/_system/governance/repository/components/org.wso2.carbon.governance/types/schema.rxt", "/_system/governance/repository/components/org.wso2.carbon.governance/types/service.rxt", "/_system/governance/repository/components/org.wso2.carbon.governance/types/servicex.rxt", "/_system/governance/repository/components/org.wso2.carbon.governance/types/site.rxt", "/_system/governance/repository/components/org.wso2.carbon.governance/types/uri.rxt", "/_system/governance/repository/components/org.wso2.carbon.governance/types/wsdl.rxt"] {rxt.core}
TID: [] [ES] [2014-09-22 09:30:48,656]  INFO {rxt.core} -  RXT paths: ["/_system/governance/repository/components/org.wso2.carbon.governance/types/api.rxt", "/_system/governance/repository/components/org.wso2.carbon.governance/types/ebook.rxt", "/_system/governance/repository/components/org.wso2.carbon.governance/types/gadget.rxt", "/_system/governance/repository/components/org.wso2.carbon.governance/types/policy.rxt", "/_system/governance/repository/components/org.wso2.carbon.governance/types/project.rxt", "/_system/governance/repository/components/org.wso2.carbon.governance/types/schema.rxt", "/_system/governance/repository/components/org.wso2.carbon.governance/types/service.rxt", "/_system/governance/repository/components/org.wso2.carbon.governance/types/servicex.rxt", "/_system/governance/repository/components/org.wso2.carbon.governance/types/site.rxt", "/_system/governance/repository/components/org.wso2.carbon.governance/types/uri.rxt", "/_system/governance/repository/components/org.wso2.carbon.governance/types/wsdl.rxt"] {rxt.core}
TID: [] [ES] [2014-09-22 09:30:48,818]  WARN {JAGGERY.config.app:js} -  Unable to locate default asset script at path /extensions/assets/api/asset.js {JAGGERY.config.app:js}
TID: [] [ES] [2014-09-22 09:30:48,823]  WARN {JAGGERY.config.app:js} -  Unable to locate default asset script at path /extensions/assets/ebook/asset.js {JAGGERY.config.app:js}
TID: [] [ES] [2014-09-22 09:30:48,836]  WARN {JAGGERY.config.app:js} -  Unable to locate default asset script at path /extensions/assets/policy/asset.js {JAGGERY.config.app:js}
TID: [] [ES] [2014-09-22 09:30:48,853]  WARN {JAGGERY.config.app:js} -  Unable to locate default asset script at path /extensions/assets/service/asset.js {JAGGERY.config.app:js}
TID: [] [ES] [2014-09-22 09:30:48,860]  WARN {JAGGERY.config.app:js} -  Unable to locate default asset script at path /extensions/assets/servicex/asset.js {JAGGERY.config.app:js}
TID: [] [ES] [2014-09-22 09:30:48,866]  WARN {JAGGERY.config.app:js} -  Unable to locate default asset script at path /extensions/assets/site/asset.js {JAGGERY.config.app:js}
TID: [] [ES] [2014-09-22 09:30:48,872]  WARN {JAGGERY.config.app:js} -  Unable to locate default asset script at path /extensions/assets/uri/asset.js {JAGGERY.config.app:js}
TID: [] [ES] [2014-09-22 09:30:48,907]  INFO {lifecycle} -  Found lifecycle: MobileAppLifeCycle tenant: -1234 {lifecycle}
TID: [] [ES] [2014-09-22 09:30:48,923]  INFO {lifecycle} -  Found lifecycle: SampleLifeCycle2 tenant: -1234 {lifecycle}
TID: [] [ES] [2014-09-22 09:30:48,937]  INFO {lifecycle} -  Found lifecycle: ServiceLifeCycle tenant: -1234 {lifecycle}
TID: [] [ES] [2014-09-22 09:30:49,235]  INFO {JAGGERY.config.app:js} -  line-chart >>>> Line Chart {JAGGERY.config.app:js}
TID: [] [ES] [2014-09-22 09:30:49,379]  INFO {JAGGERY.config.app:js} -  wso2-carbon-commits >>>> WSO2 Carbon Commits List Discussion {JAGGERY.config.app:js}
TID: [] [ES] [2014-09-22 09:30:49,443]  INFO {JAGGERY.config.app:js} -  stacked-line-chart >>>> Stacked Line Chart {JAGGERY.config.app:js}
TID: [] [ES] [2014-09-22 09:30:49,520]  INFO {JAGGERY.config.app:js} -  wso2-jira >>>> WSO2 Jira {JAGGERY.config.app:js}
TID: [] [ES] [2014-09-22 09:30:49,571]  INFO {JAGGERY.config.app:js} -  wso2-architecture >>>> WSO2 Architecture List Discussion {JAGGERY.config.app:js}
TID: [] [ES] [2014-09-22 09:30:49,632]  INFO {JAGGERY.config.app:js} -  stacked-bar-chart >>>> Stacked Bar Chart {JAGGERY.config.app:js}
TID: [] [ES] [2014-09-22 09:30:49,679]  INFO {JAGGERY.config.app:js} -  pie-chart >>>> Pie Chart {JAGGERY.config.app:js}
TID: [] [ES] [2014-09-22 09:30:49,728]  INFO {JAGGERY.config.app:js} -  bubble-chart >>>> Bubble Chart {JAGGERY.config.app:js}
TID: [] [ES] [2014-09-22 09:30:49,779]  INFO {JAGGERY.config.app:js} -  horizontal-bar-chart >>>> Horizontal Bar Chart {JAGGERY.config.app:js}
TID: [] [ES] [2014-09-22 09:30:49,832]  INFO {JAGGERY.config.app:js} -  line-plus-bar-chart >>>> Line Plus Bar Chart {JAGGERY.config.app:js}
TID: [] [ES] [2014-09-22 09:30:49,878]  INFO {JAGGERY.config.app:js} -  wso2-dev >>>> WSO2 Dev List Discussion {JAGGERY.config.app:js}
TID: [] [ES] [2014-09-22 09:30:49,922]  INFO {JAGGERY.config.app:js} -  wso2-carbon-dev >>>> WSO2 Carbon Div List Discussion {JAGGERY.config.app:js}
TID: [] [ES] [2014-09-22 09:30:49,966]  INFO {JAGGERY.config.app:js} -  bar-chart >>>> Bar Chart {JAGGERY.config.app:js}
TID: [] [ES] [2014-09-22 09:30:50,762]  INFO {org.jaggeryjs.jaggery.app.mgt.TomcatJaggeryWebappsDeployer} -  Deployed webapp: StandardEngine[Catalina].StandardHost[localhost].StandardContext[/publisher].File[/home/denuwanthi/G-reg/Feature-LCDashboard/testforESpart/ESM3/storeonly/testforDefaultLCState/wso2es-1.2.0-SNAPSHOT/repository/deployment/server/jaggeryapps/publisher] {org.jaggeryjs.jaggery.app.mgt.TomcatJaggeryWebappsDeployer}
TID: [] [ES] [2014-09-22 09:30:50,819]  INFO {org.jaggeryjs.jaggery.app.mgt.TomcatJaggeryWebappsDeployer} -  Deployed webapp: StandardEngine[Catalina].StandardHost[localhost].StandardContext[/social].File[/home/denuwanthi/G-reg/Feature-LCDashboard/testforESpart/ESM3/storeonly/testforDefaultLCState/wso2es-1.2.0-SNAPSHOT/repository/deployment/server/jaggeryapps/social] {org.jaggeryjs.jaggery.app.mgt.TomcatJaggeryWebappsDeployer}
TID: [] [ES] [2014-09-22 09:30:50,877]  INFO {org.jaggeryjs.jaggery.app.mgt.TomcatJaggeryWebappsDeployer} -  Deployed webapp: StandardEngine[Catalina].StandardHost[localhost].StandardContext[/sso].File[/home/denuwanthi/G-reg/Feature-LCDashboard/testforESpart/ESM3/storeonly/testforDefaultLCState/wso2es-1.2.0-SNAPSHOT/repository/deployment/server/jaggeryapps/sso] {org.jaggeryjs.jaggery.app.mgt.TomcatJaggeryWebappsDeployer}
TID: [] [ES] [2014-09-22 09:30:50,895]  INFO {org.jaggeryjs.jaggery.app.mgt.TomcatJaggeryWebappsDeployer} -  Deployed webapp: StandardEngine[Catalina].StandardHost[localhost].StandardContext[/storage].File[/home/denuwanthi/G-reg/Feature-LCDashboard/testforESpart/ESM3/storeonly/testforDefaultLCState/wso2es-1.2.0-SNAPSHOT/repository/deployment/server/jaggeryapps/storage] {org.jaggeryjs.jaggery.app.mgt.TomcatJaggeryWebappsDeployer}
TID: [] [ES] [2014-09-22 09:30:50,993]  INFO {org.jaggeryjs.jaggery.app.mgt.TomcatJaggeryWebappsDeployer} -  Deployed webapp: StandardEngine[Catalina].StandardHost[localhost].StandardContext[/store].File[/home/denuwanthi/G-reg/Feature-LCDashboard/testforESpart/ESM3/storeonly/testforDefaultLCState/wso2es-1.2.0-SNAPSHOT/repository/deployment/server/jaggeryapps/store] {org.jaggeryjs.jaggery.app.mgt.TomcatJaggeryWebappsDeployer}
TID: [] [ES] [2014-09-22 09:30:51,010]  INFO {org.jaggeryjs.jaggery.app.mgt.TomcatJaggeryWebappsDeployer} -  Deployed webapp: StandardEngine[Catalina].StandardHost[localhost].StandardContext[/store-admin].File[/home/denuwanthi/G-reg/Feature-LCDashboard/testforESpart/ESM3/storeonly/testforDefaultLCState/wso2es-1.2.0-SNAPSHOT/repository/deployment/server/jaggeryapps/store-admin] {org.jaggeryjs.jaggery.app.mgt.TomcatJaggeryWebappsDeployer}
TID: [] [ES] [2014-09-22 09:30:51,051]  INFO {org.apache.axis2.deployment.ModuleDeployer} -  Deploying module: addressing-1.6.1-wso2v11-20140804.232441-526 - file:/home/denuwanthi/G-reg/Feature-LCDashboard/testforESpart/ESM3/storeonly/testforDefaultLCState/wso2es-1.2.0-SNAPSHOT/repository/deployment/client/modules/addressing-1.6.1-wso2v11-20140804.232441-526.mar {org.apache.axis2.deployment.ModuleDeployer}
TID: [] [ES] [2014-09-22 09:30:51,051]  INFO {org.apache.axis2.deployment.ModuleDeployer} -  Deploying module: addressing-1.6.1-wso2v11-20140804.232441-526 - file:/home/denuwanthi/G-reg/Feature-LCDashboard/testforESpart/ESM3/storeonly/testforDefaultLCState/wso2es-1.2.0-SNAPSHOT/repository/deployment/client/modules/addressing-1.6.1-wso2v11-20140804.232441-526.mar {org.apache.axis2.deployment.ModuleDeployer}
TID: [] [ES] [2014-09-22 09:30:51,054]  INFO {org.apache.axis2.transport.tcp.TCPTransportSender} -  TCP Sender started {org.apache.axis2.transport.tcp.TCPTransportSender}
TID: [] [ES] [2014-09-22 09:30:51,054]  INFO {org.apache.axis2.transport.tcp.TCPTransportSender} -  TCP Sender started {org.apache.axis2.transport.tcp.TCPTransportSender}
TID: [] [ES] [2014-09-22 09:30:51,392]  WARN {org.apache.axis2.description.java2wsdl.DefaultSchemaGenerator} -  We don't support method overloading. Ignoring [validateAudienceRestriction] {org.apache.axis2.description.java2wsdl.DefaultSchemaGenerator}
TID: [] [ES] [2014-09-22 09:30:51,392]  WARN {org.apache.axis2.description.java2wsdl.DefaultSchemaGenerator} -  We don't support method overloading. Ignoring [validateAudienceRestriction] {org.apache.axis2.description.java2wsdl.DefaultSchemaGenerator}
TID: [] [ES] [2014-09-22 09:30:51,454]  INFO {org.apache.axis2.deployment.DeploymentEngine} -  Deploying Web service: org.wso2.carbon.idp.mgt-4.3.0.SNAPSHOT -  {org.apache.axis2.deployment.DeploymentEngine}
TID: [] [ES] [2014-09-22 09:30:51,454]  INFO {org.apache.axis2.deployment.DeploymentEngine} -  Deploying Web service: org.wso2.carbon.idp.mgt-4.3.0.SNAPSHOT -  {org.apache.axis2.deployment.DeploymentEngine}
TID: [] [ES] [2014-09-22 09:30:51,588]  INFO {org.apache.axis2.deployment.DeploymentEngine} -  Deploying Web service: org.wso2.carbon.registry.ws.api-4.3.0.SNAPSHOT -  {org.apache.axis2.deployment.DeploymentEngine}
TID: [] [ES] [2014-09-22 09:30:51,588]  INFO {org.apache.axis2.deployment.DeploymentEngine} -  Deploying Web service: org.wso2.carbon.registry.ws.api-4.3.0.SNAPSHOT -  {org.apache.axis2.deployment.DeploymentEngine}
TID: [] [ES] [2014-09-22 09:30:51,762]  INFO {org.wso2.carbon.core.init.CarbonServerManager} -  Repository       : /home/denuwanthi/G-reg/Feature-LCDashboard/testforESpart/ESM3/storeonly/testforDefaultLCState/wso2es-1.2.0-SNAPSHOT/repository/deployment/server/ {org.wso2.carbon.core.init.CarbonServerManager}
TID: [] [ES] [2014-09-22 09:30:51,811]  INFO {org.wso2.carbon.core.internal.permission.update.PermissionUpdater} -  Permission cache updated for tenant -1234 {org.wso2.carbon.core.internal.permission.update.PermissionUpdater}
TID: [] [ES] [2014-09-22 09:30:52,046]  INFO {org.wso2.carbon.identity.application.mgt.ui.internal.ApplicationMgtUIServiceComponent} -  Application Management UI bundle acticated! {org.wso2.carbon.identity.application.mgt.ui.internal.ApplicationMgtUIServiceComponent}
TID: [] [ES] [2014-09-22 09:30:52,059]  INFO {org.wso2.carbon.identity.sso.saml.admin.FileBasedConfigManager} -  A SSO Service Provider is registered for : store {org.wso2.carbon.identity.sso.saml.admin.FileBasedConfigManager}
TID: [] [ES] [2014-09-22 09:30:52,060]  INFO {org.wso2.carbon.identity.sso.saml.admin.FileBasedConfigManager} -  A SSO Service Provider is registered for : social {org.wso2.carbon.identity.sso.saml.admin.FileBasedConfigManager}
TID: [] [ES] [2014-09-22 09:30:52,060]  INFO {org.wso2.carbon.identity.sso.saml.admin.FileBasedConfigManager} -  A SSO Service Provider is registered for : publisher {org.wso2.carbon.identity.sso.saml.admin.FileBasedConfigManager}
TID: [] [ES] [2014-09-22 09:30:52,071]  INFO {org.wso2.carbon.idp.mgt.internal.IdPManagementServiceComponent} -  Identity Application Management Database initialization not attempted since 'setup' variable was not provided during startup {org.wso2.carbon.idp.mgt.internal.IdPManagementServiceComponent}
TID: [] [ES] [2014-09-22 09:30:52,096]  INFO {org.wso2.carbon.identity.core.internal.IdentityCoreServiceComponent} -  Identity Database schema initialization check was skipped since 'setup' variable was not given during startup {org.wso2.carbon.identity.core.internal.IdentityCoreServiceComponent}
TID: [] [ES] [2014-09-22 09:30:52,159]  INFO {org.wso2.carbon.core.transports.http.HttpsTransportListener} -  HTTPS port       : 9443 {org.wso2.carbon.core.transports.http.HttpsTransportListener}
TID: [] [ES] [2014-09-22 09:30:52,159]  INFO {org.wso2.carbon.core.transports.http.HttpTransportListener} -  HTTP port        : 9763 {org.wso2.carbon.core.transports.http.HttpTransportListener}
TID: [] [ES] [2014-09-22 09:30:52,282]  INFO {org.wso2.carbon.registry.eventing.internal.RegistryEventingServiceComponent} -  Successfully Initialized Eventing on Registry {org.wso2.carbon.registry.eventing.internal.RegistryEventingServiceComponent}
TID: [] [ES] [2014-09-22 09:30:52,314]  INFO {org.wso2.carbon.core.init.JMXServerManager} -  JMX Service URL  : service:jmx:rmi://localhost:11111/jndi/rmi://localhost:9999/jmxrmi {org.wso2.carbon.core.init.JMXServerManager}
TID: [] [ES] [2014-09-22 09:30:52,314]  INFO {org.wso2.carbon.core.internal.StartupFinalizerServiceComponent} -  Server           :  WSO2 Enterprise Store-1.2.0-SNAPSHOT {org.wso2.carbon.core.internal.StartupFinalizerServiceComponent}
TID: [] [ES] [2014-09-22 09:30:52,314]  INFO {org.wso2.carbon.core.internal.StartupFinalizerServiceComponent} -  WSO2 Carbon started in 16 sec {org.wso2.carbon.core.internal.StartupFinalizerServiceComponent}
TID: [] [ES] [2014-09-22 09:30:52,410]  INFO {org.wso2.carbon.ui.internal.CarbonUIServiceComponent} -  Mgt Console URL  : https://10.100.5.90:9443/admin/carbon/ {org.wso2.carbon.ui.internal.CarbonUIServiceComponent}
TID: [] [ES] [2014-09-22 09:30:57,762]  INFO {JAGGERY.config.app:js} -  Publisher URL : http://localhost:9763/publisher {JAGGERY.config.app:js}
TID: [] [ES] [2014-09-22 09:30:57,993]  INFO {JAGGERY.config.app:js} -  Store URL : http://localhost:9763/store {JAGGERY.config.app:js}
TID: [] [ES] [2014-09-22 09:31:01,157]  INFO {JAGGERY..controllers.top-assets:jag} -  Emitting event : tenantLoad {JAGGERY..controllers.top-assets:jag}
TID: [] [ES] [2014-09-22 09:31:01,487]  INFO {JAGGERY.modules.store:js} -  View query options {"attributes" : {"lcState" : ["Published", "Development", "Testing", "Production"]}} {JAGGERY.modules.store:js}
TID: [] [ES] [2014-09-22 09:31:01,744]  INFO {JAGGERY.modules.store:js} -  View query options {"attributes" : {"lcState" : ["Published", "Development", "Testing", "Production"]}} {JAGGERY.modules.store:js}
TID: [] [ES] [2014-09-22 09:31:01,892]  INFO {JAGGERY.modules.store:js} -  View query options {"attributes" : {"lcState" : ["Published", "Development", "Testing", "Production"]}} {JAGGERY.modules.store:js}
TID: [] [ES] [2014-09-22 09:31:02,044]  INFO {JAGGERY.modules.store:js} -  View query options {"attributes" : {"lcState" : ["Published", "Development", "Testing", "Production"]}} {JAGGERY.modules.store:js}
TID: [] [ES] [2014-09-22 09:31:06,603]  INFO {JAGGERY.controllers.login:jag} -  Login URL: https://10.100.5.90:9443/admin/samlsso {JAGGERY.controllers.login:jag}
TID: [] [ES] [2014-09-22 09:31:16,356]  INFO {JAGGERY.controllers.acs:jag} -  Emitting event : login {JAGGERY.controllers.acs:jag}
TID: [] [ES] [2014-09-22 09:31:16,517]  INFO {JAGGERY.modules.store:js} -  View query options {"attributes" : {"lcState" : ["Published", "Development", "Testing", "Production"]}} {JAGGERY.modules.store:js}
TID: [] [ES] [2014-09-22 09:31:16,653]  INFO {JAGGERY.modules.store:js} -  View query options {"attributes" : {"lcState" : ["Published", "Development", "Testing", "Production"]}} {JAGGERY.modules.store:js}
TID: [] [ES] [2014-09-22 09:31:16,757]  INFO {JAGGERY.modules.store:js} -  View query options {"attributes" : {"lcState" : ["Published", "Development", "Testing", "Production"]}} {JAGGERY.modules.store:js}
TID: [] [ES] [2014-09-22 09:31:16,847]  INFO {JAGGERY.modules.store:js} -  View query options {"attributes" : {"lcState" : ["Published", "Development", "Testing", "Production"]}} {JAGGERY.modules.store:js}
TID: [] [ES] [2014-09-22 09:31:19,556]  INFO {JAGGERY.modules.store:js} -  View query options {"attributes" : {"lcState" : ["Published", "Development", "Testing", "Production"]}} {JAGGERY.modules.store:js}
TID: [] [ES] [2014-09-22 15:30:23,810]  INFO {JAGGERY.modules.store:js} -  View query options {"attributes" : {"lcState" : ["Published", "Development", "Testing", "Production"]}} {JAGGERY.modules.store:js}
TID: [] [ES] [2014-09-22 15:30:23,855]  INFO {JAGGERY.modules.store:js} -  View query options {"attributes" : {"lcState" : ["Published", "Development", "Testing", "Production"]}} {JAGGERY.modules.store:js}
TID: [] [ES] [2014-09-22 15:30:23,891]  INFO {JAGGERY.modules.store:js} -  View query options {"attributes" : {"lcState" : ["Published", "Development", "Testing", "Production"]}} {JAGGERY.modules.store:js}
TID: [] [ES] [2014-09-22 15:30:23,929]  INFO {JAGGERY.modules.store:js} -  View query options {"attributes" : {"lcState" : ["Published", "Development", "Testing", "Production"]}} {JAGGERY.modules.store:js}
TID: [] [ES] [2014-09-22 15:30:26,893]  INFO {JAGGERY.controllers.login:jag} -  Login URL: https://10.100.5.90:9443/admin/samlsso {JAGGERY.controllers.login:jag}
TID: [] [ES] [2014-09-22 15:30:31,549]  INFO {JAGGERY.controllers.acs:jag} -  Emitting event : login {JAGGERY.controllers.acs:jag}
TID: [] [ES] [2014-09-22 15:30:31,639]  INFO {JAGGERY.modules.store:js} -  View query options {"attributes" : {"lcState" : ["Published", "Development", "Testing", "Production"]}} {JAGGERY.modules.store:js}
TID: [] [ES] [2014-09-22 15:30:31,686]  INFO {JAGGERY.modules.store:js} -  View query options {"attributes" : {"lcState" : ["Published", "Development", "Testing", "Production"]}} {JAGGERY.modules.store:js}
TID: [] [ES] [2014-09-22 15:30:31,725]  INFO {JAGGERY.modules.store:js} -  View query options {"attributes" : {"lcState" : ["Published", "Development", "Testing", "Production"]}} {JAGGERY.modules.store:js}
TID: [] [ES] [2014-09-22 15:30:31,768]  INFO {JAGGERY.modules.store:js} -  View query options {"attributes" : {"lcState" : ["Published", "Development", "Testing", "Production"]}} {JAGGERY.modules.store:js}
TID: [] [ES] [2014-09-22 15:30:34,604]  INFO {JAGGERY.modules.store:js} -  View query options {"attributes" : {"lcState" : ["Published", "Development", "Testing", "Production"]}} {JAGGERY.modules.store:js}
TID: [] [ES] [2014-09-22 18:37:52,650]  INFO {JAGGERY.modules.store:js} -  View query options {"attributes" : {"lcState" : ["Published", "Development", "Testing", "Production"]}} {JAGGERY.modules.store:js}
TID: [] [ES] [2014-09-22 18:37:54,547]  INFO {JAGGERY.controllers.login:jag} -  Login URL: https://10.100.5.90:9443/admin/samlsso {JAGGERY.controllers.login:jag}
TID: [] [ES] [2014-09-22 18:37:58,544]  INFO {JAGGERY.controllers.acs:jag} -  Emitting event : login {JAGGERY.controllers.acs:jag}
TID: [] [ES] [2014-09-22 18:37:58,566]  INFO {JAGGERY.modules.store:js} -  View query options {"attributes" : {"lcState" : ["Published", "Development", "Testing", "Production"]}} {JAGGERY.modules.store:js}
TID: [] [ES] [2014-09-22 18:43:49,959]  INFO {org.wso2.carbon.core.init.CarbonServerManager} -  Shutdown hook triggered.... {org.wso2.carbon.core.init.CarbonServerManager}
TID: [] [ES] [2014-09-22 18:43:49,960]  INFO {org.wso2.carbon.core.init.CarbonServerManager} -  Gracefully shutting down WSO2 Enterprise Store... {org.wso2.carbon.core.init.CarbonServerManager}
TID: [] [ES] [2014-09-22 18:43:49,960]  INFO {org.wso2.carbon.core.ServerManagement} -  Starting to switch to maintenance mode... {org.wso2.carbon.core.ServerManagement}
TID: [] [ES] [2014-09-22 18:43:49,961]  INFO {org.wso2.carbon.core.ServerManagement} -  Stopped all transport listeners {org.wso2.carbon.core.ServerManagement}
TID: [] [ES] [2014-09-22 18:43:49,961]  INFO {org.wso2.carbon.core.ServerManagement} -  Waiting for request service completion... {org.wso2.carbon.core.ServerManagement}
TID: [] [ES] [2014-09-22 18:43:49,964]  INFO {org.wso2.carbon.core.ServerManagement} -  All requests have been served. {org.wso2.carbon.core.ServerManagement}
TID: [] [ES] [2014-09-22 18:43:49,964]  INFO {org.wso2.carbon.core.ServerManagement} -  Waiting for deployment completion... {org.wso2.carbon.core.ServerManagement}
TID: [] [ES] [2014-09-22 18:43:49,996]  INFO {org.wso2.carbon.webapp.mgt.WebApplication} -  Unloaded webapp: StandardEngine[Catalina].StandardHost[localhost].StandardContext[/] {org.wso2.carbon.webapp.mgt.WebApplication}
TID: [] [ES] [2014-09-22 18:43:50,008]  INFO {org.wso2.carbon.webapp.mgt.WebApplication} -  Unloaded webapp: StandardEngine[Catalina].StandardHost[localhost].StandardContext[/storage] {org.wso2.carbon.webapp.mgt.WebApplication}
TID: [] [ES] [2014-09-22 18:43:50,022]  INFO {org.wso2.carbon.webapp.mgt.WebApplication} -  Unloaded webapp: StandardEngine[Catalina].StandardHost[localhost].StandardContext[/store-admin] {org.wso2.carbon.webapp.mgt.WebApplication}
TID: [] [ES] [2014-09-22 18:43:50,031]  INFO {org.wso2.carbon.webapp.mgt.WebApplication} -  Unloaded webapp: StandardEngine[Catalina].StandardHost[localhost].StandardContext[/publisher] {org.wso2.carbon.webapp.mgt.WebApplication}
TID: [] [ES] [2014-09-22 18:43:50,061]  INFO {org.wso2.carbon.webapp.mgt.WebApplication} -  Unloaded webapp: StandardEngine[Catalina].StandardHost[localhost].StandardContext[/store] {org.wso2.carbon.webapp.mgt.WebApplication}
TID: [] [ES] [2014-09-22 18:43:50,070]  INFO {org.wso2.carbon.webapp.mgt.WebApplication} -  Unloaded webapp: StandardEngine[Catalina].StandardHost[localhost].StandardContext[/social] {org.wso2.carbon.webapp.mgt.WebApplication}
TID: [] [ES] [2014-09-22 18:43:50,091]  INFO {org.wso2.carbon.webapp.mgt.WebApplication} -  Unloaded webapp: StandardEngine[Catalina].StandardHost[localhost].StandardContext[/sso] {org.wso2.carbon.webapp.mgt.WebApplication}
TID: [] [ES] [2014-09-22 18:43:50,091]  INFO {org.wso2.carbon.core.ServerManagement} -  All deployment tasks have been completed. {org.wso2.carbon.core.ServerManagement}
TID: [] [ES] [2014-09-22 18:43:50,091]  INFO {org.wso2.carbon.core.ServerManagement} -  Waiting for server task completion... {org.wso2.carbon.core.ServerManagement}
TID: [] [ES] [2014-09-22 18:43:50,096]  INFO {org.wso2.carbon.registry.core.internal.RegistryCoreServiceComponent} -  Writing logs  {org.wso2.carbon.registry.core.internal.RegistryCoreServiceComponent}
TID: [] [ES] [2014-09-22 18:43:50,097]  INFO {org.wso2.carbon.core.ServerManagement} -  All server tasks have been completed. {org.wso2.carbon.core.ServerManagement}
TID: [] [ES] [2014-09-22 18:43:50,097]  INFO {org.wso2.carbon.core.init.CarbonServerManager} -  Shutting down WSO2 Enterprise Store... {org.wso2.carbon.core.init.CarbonServerManager}
TID: [] [ES] [2014-09-22 18:43:50,097]  INFO {org.wso2.carbon.core.init.CarbonServerManager} -  Shutting down OSGi framework... {org.wso2.carbon.core.init.CarbonServerManager}
TID: [] [ES] [2014-09-22 18:43:50,114]  INFO {org.wso2.carbon.identity.application.mgt.ui.internal.ApplicationMgtUIServiceComponent} -  Application Management UI bundle is deactivated {org.wso2.carbon.identity.application.mgt.ui.internal.ApplicationMgtUIServiceComponent}
TID: [] [ES] [2014-09-22 18:43:52,150]  INFO {org.wso2.carbon.core.init.CarbonServerManager} -  Stopping CarbonServerManager... {org.wso2.carbon.core.init.CarbonServerManager}
TID: [] [ES] [2014-09-22 18:43:52,152]  INFO {org.apache.axis2.transport.tcp.TCPTransportSender} -  TCP Sender Shutdown {org.apache.axis2.transport.tcp.TCPTransportSender}
TID: [] [ES] [2014-09-22 18:43:52,152]  INFO {org.apache.axis2.transport.tcp.TCPTransportSender} -  TCP Sender Shutdown {org.apache.axis2.transport.tcp.TCPTransportSender}
TID: [] [ES] [2014-09-22 18:43:52,416]  INFO {org.wso2.carbon.tomcat.ext.internal.CarbonTomcatServiceComponent} -  Stopping the carbon web-app registered under : /admin {org.wso2.carbon.tomcat.ext.internal.CarbonTomcatServiceComponent}
TID: [] [ES] [2014-09-22 18:43:52,481]  INFO {org.wso2.jaggery.scxml.Activator} -  Stopping org.wso2.jaggery.scxml with RealmService disabled {org.wso2.jaggery.scxml.Activator}
TID: [] [ES] [2014-09-22 18:43:52,752]  INFO {org.wso2.carbon.core.init.CarbonServerManager} -  Shutdown complete {org.wso2.carbon.core.init.CarbonServerManager}
TID: [] [ES] [2014-09-22 18:43:52,752]  INFO {org.wso2.carbon.core.init.CarbonServerManager} -  Halting JVM {org.wso2.carbon.core.init.CarbonServerManager}
