!SESSION 2014-09-17 09:44:08.573 -----------------------------------------------
eclipse.buildId=unknown
java.version=1.6.0_45
java.vendor=Sun Microsystems Inc.
BootLoader constants: OS=linux, ARCH=x86_64, WS=gtk, NL=en_US

!ENTRY org.wso2.carbon.mashup.javascript.hostobjects.registry 2 0 2014-09-17 09:44:08.573
!MESSAGE [SCR] Found components with duplicated names! Details: 
Component1 : Component[
	name = mashup.javascript.hostobjects.registry.dscomponent
	factory = null
	autoenable = true
	immediate = true
	implementation = org.wso2.carbon.mashup.javascript.hostobjects.registry.internal.RegistryHostObjectServiceComponent
	state = Unsatisfied
	properties = {service.pid=mashup.javascript.hostobjects.registry.dscomponent}
	serviceFactory = false
	serviceInterface = null
	references = {
		Reference[name = registry.service, interface = org.wso2.carbon.registry.core.service.RegistryService, policy = dynamic, cardinality = 1..1, target = null, bind = setRegistryService, unbind = unsetRegistryService]
	}
	located in bundle = org.wso2.carbon.mashup.javascript.hostobjects.registry_4.2.0 [213]
]
Component2: Component[
	name = mashup.javascript.hostobjects.registry.dscomponent
	factory = null
	autoenable = true
	immediate = true
	implementation = org.jaggeryjs.hostobjects.registry.internal.RegistryHostObjectServiceComponent
	state = Unsatisfied
	properties = {service.pid=mashup.javascript.hostobjects.registry.dscomponent}
	serviceFactory = false
	serviceInterface = null
	references = {
		Reference[name = registry.service, interface = org.wso2.carbon.registry.core.service.RegistryService, policy = dynamic, cardinality = 1..1, target = null, bind = setRegistryService, unbind = unsetRegistryService]
		Reference[name = user.realmservice.default, interface = org.wso2.carbon.user.core.service.RealmService, policy = dynamic, cardinality = 1..1, target = null, bind = setRealmService, unbind = unsetRealmService]
	}
	located in bundle = org.jaggeryjs.hostobjects.registry_0.9.0.SNAPSHOT [117]
]  

!ENTRY org.wso2.carbon.registry.ws.client 2 0 2014-09-17 09:44:08.600
!MESSAGE [SCR] Found components with duplicated names! Details: 
Component1 : Component[
	name = registry.ws.client.component
	factory = null
	autoenable = true
	immediate = true
	implementation = org.wso2.carbon.registry.ws.client.internal.WSClientServiceComponent
	state = Unsatisfied
	properties = {service.pid=registry.ws.client.component}
	serviceFactory = false
	serviceInterface = null
	references = {
		Reference[name = config.context.service, interface = org.wso2.carbon.utils.ConfigurationContextService, policy = dynamic, cardinality = 1..1, target = null, bind = setConfigurationContextService, unbind = unsetConfigurationContextService]
	}
	located in bundle = org.wso2.carbon.registry.ws.client_4.3.0.SNAPSHOT [251]
]
Component2: Component[
	name = registry.ws.client.component
	factory = null
	autoenable = true
	immediate = true
	implementation = org.wso2.carbon.governance.client.internal.WSRegistrySearchComponent
	state = Unsatisfied
	properties = {service.pid=registry.ws.client.component}
	serviceFactory = false
	serviceInterface = null
	references = {
		Reference[name = config.context.service, interface = org.wso2.carbon.utils.ConfigurationContextService, policy = dynamic, cardinality = 1..1, target = null, bind = setConfigurationContextService, unbind = unsetConfigurationContextService]
	}
	located in bundle = org.wso2.carbon.governance.client_4.3.0.SNAPSHOT [166]
]  

!ENTRY org.eclipse.equinox.ds 4 0 2014-09-17 09:44:08.839
!MESSAGE [SCR] Exception while activating instance org.wso2.carbon.redirector.servlet.internal.RedirectorServletActivationServiceComponent@50078e of component org.wso2.carbon.redirector.servlet.activation  
!STACK 0
java.lang.NoClassDefFoundError: org/wso2/carbon/activation/service/ActivationService
	at java.lang.Class.getDeclaredMethods0(Native Method)
	at java.lang.Class.privateGetDeclaredMethods(Class.java:2436)
	at java.lang.Class.getDeclaredMethod(Class.java:1937)
	at org.eclipse.equinox.internal.ds.model.ServiceComponent.getMethod(ServiceComponent.java:156)
	at org.eclipse.equinox.internal.ds.model.ServiceComponent.activate(ServiceComponent.java:253)
	at org.eclipse.equinox.internal.ds.model.ServiceComponentProp.activate(ServiceComponentProp.java:146)
	at org.eclipse.equinox.internal.ds.model.ServiceComponentProp.build(ServiceComponentProp.java:347)
	at org.eclipse.equinox.internal.ds.InstanceProcess.buildComponent(InstanceProcess.java:620)
	at org.eclipse.equinox.internal.ds.InstanceProcess.buildComponents(InstanceProcess.java:197)
	at org.eclipse.equinox.internal.ds.Resolver.buildNewlySatisfied(Resolver.java:473)
	at org.eclipse.equinox.internal.ds.Resolver.enableComponents(Resolver.java:217)
	at org.eclipse.equinox.internal.ds.SCRManager.performWork(SCRManager.java:816)
	at org.eclipse.equinox.internal.ds.SCRManager$QueuedJob.dispatch(SCRManager.java:783)
	at org.eclipse.equinox.internal.ds.WorkThread.run(WorkThread.java:89)
	at java.lang.Thread.run(Thread.java:662)
Caused by: java.lang.ClassNotFoundException: org.wso2.carbon.activation.service.ActivationService
	at org.eclipse.osgi.internal.loader.BundleLoader.findClassInternal(BundleLoader.java:501)
	at org.eclipse.osgi.internal.loader.BundleLoader.findClass(BundleLoader.java:421)
	at org.eclipse.osgi.internal.loader.BundleLoader.findClass(BundleLoader.java:412)
	at org.eclipse.osgi.internal.baseadaptor.DefaultClassLoader.loadClass(DefaultClassLoader.java:107)
	at java.lang.ClassLoader.loadClass(ClassLoader.java:247)
	... 15 more

!ENTRY org.eclipse.equinox.ds 4 0 2014-09-17 09:44:08.839
!MESSAGE [SCR] Exception while activating instance org.wso2.carbon.redirector.servlet.internal.RedirectorServletActivationServiceComponent@50078e of component org.wso2.carbon.redirector.servlet.activation  
!STACK 0
java.lang.NoClassDefFoundError: org/wso2/carbon/activation/service/ActivationService
	at java.lang.Class.getDeclaredMethods0(Native Method)
	at java.lang.Class.privateGetDeclaredMethods(Class.java:2436)
	at java.lang.Class.getDeclaredMethod(Class.java:1937)
	at org.eclipse.equinox.internal.ds.model.ServiceComponent.getMethod(ServiceComponent.java:156)
	at org.eclipse.equinox.internal.ds.model.ServiceComponent.activate(ServiceComponent.java:253)
	at org.eclipse.equinox.internal.ds.model.ServiceComponentProp.activate(ServiceComponentProp.java:146)
	at org.eclipse.equinox.internal.ds.model.ServiceComponentProp.build(ServiceComponentProp.java:347)
	at org.eclipse.equinox.internal.ds.InstanceProcess.buildComponent(InstanceProcess.java:620)
	at org.eclipse.equinox.internal.ds.InstanceProcess.buildComponents(InstanceProcess.java:197)
	at org.eclipse.equinox.internal.ds.Resolver.buildNewlySatisfied(Resolver.java:473)
	at org.eclipse.equinox.internal.ds.Resolver.enableComponents(Resolver.java:217)
	at org.eclipse.equinox.internal.ds.SCRManager.performWork(SCRManager.java:816)
	at org.eclipse.equinox.internal.ds.SCRManager$QueuedJob.dispatch(SCRManager.java:783)
	at org.eclipse.equinox.internal.ds.WorkThread.run(WorkThread.java:89)
	at java.lang.Thread.run(Thread.java:662)
Caused by: java.lang.ClassNotFoundException: org.wso2.carbon.activation.service.ActivationService
	at org.eclipse.osgi.internal.loader.BundleLoader.findClassInternal(BundleLoader.java:501)
	at org.eclipse.osgi.internal.loader.BundleLoader.findClass(BundleLoader.java:421)
	at org.eclipse.osgi.internal.loader.BundleLoader.findClass(BundleLoader.java:412)
	at org.eclipse.osgi.internal.baseadaptor.DefaultClassLoader.loadClass(DefaultClassLoader.java:107)
	at java.lang.ClassLoader.loadClass(ClassLoader.java:247)
	... 15 more

!ENTRY org.eclipse.equinox.ds 4 0 2014-09-17 09:44:10.755
!MESSAGE [SCR] Exception while activating instance org.wso2.carbon.webapp.mgt.internal.UrlMapperServiceComponent@876800e of component org.wso2.carbon.webapp.mgt.internal.UrlMapperServiceComponent  
!STACK 0
java.lang.NoClassDefFoundError: org/wso2/carbon/url/mapper/HotUpdateService
	at java.lang.Class.getDeclaredMethods0(Native Method)
	at java.lang.Class.privateGetDeclaredMethods(Class.java:2436)
	at java.lang.Class.getDeclaredMethod(Class.java:1937)
	at org.eclipse.equinox.internal.ds.model.ServiceComponent.getMethod(ServiceComponent.java:156)
	at org.eclipse.equinox.internal.ds.model.ServiceComponent.activate(ServiceComponent.java:253)
	at org.eclipse.equinox.internal.ds.model.ServiceComponentProp.activate(ServiceComponentProp.java:146)
	at org.eclipse.equinox.internal.ds.model.ServiceComponentProp.build(ServiceComponentProp.java:347)
	at org.eclipse.equinox.internal.ds.InstanceProcess.buildComponent(InstanceProcess.java:620)
	at org.eclipse.equinox.internal.ds.InstanceProcess.buildComponents(InstanceProcess.java:197)
	at org.eclipse.equinox.internal.ds.Resolver.buildNewlySatisfied(Resolver.java:473)
	at org.eclipse.equinox.internal.ds.Resolver.enableComponents(Resolver.java:217)
	at org.eclipse.equinox.internal.ds.SCRManager.performWork(SCRManager.java:816)
	at org.eclipse.equinox.internal.ds.SCRManager$QueuedJob.dispatch(SCRManager.java:783)
	at org.eclipse.equinox.internal.ds.WorkThread.run(WorkThread.java:89)
	at org.eclipse.equinox.internal.util.impl.tpt.threadpool.Executor.run(Executor.java:70)
Caused by: java.lang.ClassNotFoundException: org.wso2.carbon.url.mapper.HotUpdateService
	at org.eclipse.osgi.internal.loader.BundleLoader.findClassInternal(BundleLoader.java:501)
	at org.eclipse.osgi.internal.loader.BundleLoader.findClass(BundleLoader.java:421)
	at org.eclipse.osgi.internal.loader.BundleLoader.findClass(BundleLoader.java:412)
	at org.eclipse.osgi.internal.baseadaptor.DefaultClassLoader.loadClass(DefaultClassLoader.java:107)
	at java.lang.ClassLoader.loadClass(ClassLoader.java:247)
	... 15 more

!ENTRY org.eclipse.equinox.ds 4 0 2014-09-17 09:44:10.755
!MESSAGE [SCR] Exception while activating instance org.wso2.carbon.webapp.mgt.internal.UrlMapperServiceComponent@876800e of component org.wso2.carbon.webapp.mgt.internal.UrlMapperServiceComponent  
!STACK 0
java.lang.NoClassDefFoundError: org/wso2/carbon/url/mapper/HotUpdateService
	at java.lang.Class.getDeclaredMethods0(Native Method)
	at java.lang.Class.privateGetDeclaredMethods(Class.java:2436)
	at java.lang.Class.getDeclaredMethod(Class.java:1937)
	at org.eclipse.equinox.internal.ds.model.ServiceComponent.getMethod(ServiceComponent.java:156)
	at org.eclipse.equinox.internal.ds.model.ServiceComponent.activate(ServiceComponent.java:253)
	at org.eclipse.equinox.internal.ds.model.ServiceComponentProp.activate(ServiceComponentProp.java:146)
	at org.eclipse.equinox.internal.ds.model.ServiceComponentProp.build(ServiceComponentProp.java:347)
	at org.eclipse.equinox.internal.ds.InstanceProcess.buildComponent(InstanceProcess.java:620)
	at org.eclipse.equinox.internal.ds.InstanceProcess.buildComponents(InstanceProcess.java:197)
	at org.eclipse.equinox.internal.ds.Resolver.buildNewlySatisfied(Resolver.java:473)
	at org.eclipse.equinox.internal.ds.Resolver.enableComponents(Resolver.java:217)
	at org.eclipse.equinox.internal.ds.SCRManager.performWork(SCRManager.java:816)
	at org.eclipse.equinox.internal.ds.SCRManager$QueuedJob.dispatch(SCRManager.java:783)
	at org.eclipse.equinox.internal.ds.WorkThread.run(WorkThread.java:89)
	at org.eclipse.equinox.internal.util.impl.tpt.threadpool.Executor.run(Executor.java:70)
Caused by: java.lang.ClassNotFoundException: org.wso2.carbon.url.mapper.HotUpdateService
	at org.eclipse.osgi.internal.loader.BundleLoader.findClassInternal(BundleLoader.java:501)
	at org.eclipse.osgi.internal.loader.BundleLoader.findClass(BundleLoader.java:421)
	at org.eclipse.osgi.internal.loader.BundleLoader.findClass(BundleLoader.java:412)
	at org.eclipse.osgi.internal.baseadaptor.DefaultClassLoader.loadClass(DefaultClassLoader.java:107)
	at java.lang.ClassLoader.loadClass(ClassLoader.java:247)
	... 15 more

!ENTRY org.wso2.carbon.tenant.usage.agent 2 0 2014-09-17 09:44:23.492
!MESSAGE [SCR] Exception occurred while getting method 'setRealmService' of class org.wso2.carbon.usage.agent.internal.UsageAgentServiceComponent 
	Details:
	Problematic reference = Reference[name = user.realmservice.default, interface = org.wso2.carbon.user.core.service.RealmService, policy = dynamic, cardinality = 1..1, target = null, bind = setRealmService, unbind = unsetRealmService]
	of service component = org.wso2.carbon.usage.agent
	component implementation class = org.wso2.carbon.usage.agent.internal.UsageAgentServiceComponent
	located in bundle with symbolic name = org.wso2.carbon.tenant.usage.agent
	bundle location = reference:file:../plugins/org.wso2.carbon.tenant.usage.agent_4.3.0.SNAPSHOT.jar
!STACK 0
java.lang.NoClassDefFoundError: org/wso2/carbon/statistics/services/SystemStatisticsUtil
	at java.lang.Class.getDeclaredMethods0(Native Method)
	at java.lang.Class.privateGetDeclaredMethods(Class.java:2436)
	at java.lang.Class.getDeclaredMethod(Class.java:1937)
	at org.eclipse.equinox.internal.ds.model.ComponentReference.getMethod(ComponentReference.java:104)
	at org.eclipse.equinox.internal.ds.model.ComponentReference.bind(ComponentReference.java:331)
	at org.eclipse.equinox.internal.ds.model.ServiceComponentProp.bindReference(ServiceComponentProp.java:432)
	at org.eclipse.equinox.internal.ds.model.ServiceComponentProp.bind(ServiceComponentProp.java:218)
	at org.eclipse.equinox.internal.ds.model.ServiceComponentProp.build(ServiceComponentProp.java:345)
	at org.eclipse.equinox.internal.ds.InstanceProcess.buildComponent(InstanceProcess.java:620)
	at org.eclipse.equinox.internal.ds.InstanceProcess.buildComponents(InstanceProcess.java:197)
	at org.eclipse.equinox.internal.ds.Resolver.getEligible(Resolver.java:343)
	at org.eclipse.equinox.internal.ds.SCRManager.serviceChanged(SCRManager.java:222)
	at org.eclipse.osgi.internal.serviceregistry.FilteredServiceListener.serviceChanged(FilteredServiceListener.java:107)
	at org.eclipse.osgi.framework.internal.core.BundleContextImpl.dispatchEvent(BundleContextImpl.java:861)
	at org.eclipse.osgi.framework.eventmgr.EventManager.dispatchEvent(EventManager.java:230)
	at org.eclipse.osgi.framework.eventmgr.ListenerQueue.dispatchEventSynchronous(ListenerQueue.java:148)
	at org.eclipse.osgi.internal.serviceregistry.ServiceRegistry.publishServiceEventPrivileged(ServiceRegistry.java:819)
	at org.eclipse.osgi.internal.serviceregistry.ServiceRegistry.publishServiceEvent(ServiceRegistry.java:771)
	at org.eclipse.osgi.internal.serviceregistry.ServiceRegistrationImpl.register(ServiceRegistrationImpl.java:130)
	at org.eclipse.osgi.internal.serviceregistry.ServiceRegistry.registerService(ServiceRegistry.java:214)
	at org.eclipse.osgi.framework.internal.core.BundleContextImpl.registerService(BundleContextImpl.java:433)
	at org.eclipse.osgi.framework.internal.core.BundleContextImpl.registerService(BundleContextImpl.java:451)
	at org.wso2.carbon.event.core.internal.builder.EventBrokerHandler.startEventBroker(EventBrokerHandler.java:58)
	at org.wso2.carbon.event.core.internal.builder.EventBrokerBuilderDS.activate(EventBrokerBuilderDS.java:72)
	at sun.reflect.NativeMethodAccessorImpl.invoke0(Native Method)
	at sun.reflect.NativeMethodAccessorImpl.invoke(NativeMethodAccessorImpl.java:39)
	at sun.reflect.DelegatingMethodAccessorImpl.invoke(DelegatingMethodAccessorImpl.java:25)
	at java.lang.reflect.Method.invoke(Method.java:597)
	at org.eclipse.equinox.internal.ds.model.ServiceComponent.activate(ServiceComponent.java:260)
	at org.eclipse.equinox.internal.ds.model.ServiceComponentProp.activate(ServiceComponentProp.java:146)
	at org.eclipse.equinox.internal.ds.model.ServiceComponentProp.build(ServiceComponentProp.java:347)
	at org.eclipse.equinox.internal.ds.InstanceProcess.buildComponent(InstanceProcess.java:620)
	at org.eclipse.equinox.internal.ds.InstanceProcess.buildComponents(InstanceProcess.java:197)
	at org.eclipse.equinox.internal.ds.Resolver.getEligible(Resolver.java:343)
	at org.eclipse.equinox.internal.ds.SCRManager.serviceChanged(SCRManager.java:222)
	at org.eclipse.osgi.internal.serviceregistry.FilteredServiceListener.serviceChanged(FilteredServiceListener.java:107)
	at org.eclipse.osgi.framework.internal.core.BundleContextImpl.dispatchEvent(BundleContextImpl.java:861)
	at org.eclipse.osgi.framework.eventmgr.EventManager.dispatchEvent(EventManager.java:230)
	at org.eclipse.osgi.framework.eventmgr.ListenerQueue.dispatchEventSynchronous(ListenerQueue.java:148)
	at org.eclipse.osgi.internal.serviceregistry.ServiceRegistry.publishServiceEventPrivileged(ServiceRegistry.java:819)
	at org.eclipse.osgi.internal.serviceregistry.ServiceRegistry.publishServiceEvent(ServiceRegistry.java:771)
	at org.eclipse.osgi.internal.serviceregistry.ServiceRegistrationImpl.register(ServiceRegistrationImpl.java:130)
	at org.eclipse.osgi.internal.serviceregistry.ServiceRegistry.registerService(ServiceRegistry.java:214)
	at org.eclipse.osgi.framework.internal.core.BundleContextImpl.registerService(BundleContextImpl.java:433)
	at org.eclipse.osgi.framework.internal.core.BundleContextImpl.registerService(BundleContextImpl.java:451)
	at org.wso2.carbon.core.init.CarbonServerManager.initializeCarbon(CarbonServerManager.java:517)
	at org.wso2.carbon.core.init.CarbonServerManager.start(CarbonServerManager.java:219)
	at org.wso2.carbon.core.internal.CarbonCoreServiceComponent.activate(CarbonCoreServiceComponent.java:80)
	at sun.reflect.NativeMethodAccessorImpl.invoke0(Native Method)
	at sun.reflect.NativeMethodAccessorImpl.invoke(NativeMethodAccessorImpl.java:39)
	at sun.reflect.DelegatingMethodAccessorImpl.invoke(DelegatingMethodAccessorImpl.java:25)
	at java.lang.reflect.Method.invoke(Method.java:597)
	at org.eclipse.equinox.internal.ds.model.ServiceComponent.activate(ServiceComponent.java:260)
	at org.eclipse.equinox.internal.ds.model.ServiceComponentProp.activate(ServiceComponentProp.java:146)
	at org.eclipse.equinox.internal.ds.model.ServiceComponentProp.build(ServiceComponentProp.java:347)
	at org.eclipse.equinox.internal.ds.InstanceProcess.buildComponent(InstanceProcess.java:620)
	at org.eclipse.equinox.internal.ds.InstanceProcess.buildComponents(InstanceProcess.java:197)
	at org.eclipse.equinox.internal.ds.Resolver.getEligible(Resolver.java:343)
	at org.eclipse.equinox.internal.ds.SCRManager.serviceChanged(SCRManager.java:222)
	at org.eclipse.osgi.internal.serviceregistry.FilteredServiceListener.serviceChanged(FilteredServiceListener.java:107)
	at org.eclipse.osgi.framework.internal.core.BundleContextImpl.dispatchEvent(BundleContextImpl.java:861)
	at org.eclipse.osgi.framework.eventmgr.EventManager.dispatchEvent(EventManager.java:230)
	at org.eclipse.osgi.framework.eventmgr.ListenerQueue.dispatchEventSynchronous(ListenerQueue.java:148)
	at org.eclipse.osgi.internal.serviceregistry.ServiceRegistry.publishServiceEventPrivileged(ServiceRegistry.java:819)
	at org.eclipse.osgi.internal.serviceregistry.ServiceRegistry.publishServiceEvent(ServiceRegistry.java:771)
	at org.eclipse.osgi.internal.serviceregistry.ServiceRegistrationImpl.register(ServiceRegistrationImpl.java:130)
	at org.eclipse.osgi.internal.serviceregistry.ServiceRegistry.registerService(ServiceRegistry.java:214)
	at org.eclipse.osgi.framework.internal.core.BundleContextImpl.registerService(BundleContextImpl.java:433)
	at org.eclipse.equinox.http.servlet.internal.Activator.registerHttpService(Activator.java:81)
	at org.eclipse.equinox.http.servlet.internal.Activator.addProxyServlet(Activator.java:60)
	at org.eclipse.equinox.http.servlet.internal.ProxyServlet.init(ProxyServlet.java:40)
	at org.wso2.carbon.tomcat.ext.servlet.DelegationServlet.init(DelegationServlet.java:38)
	at org.apache.catalina.core.StandardWrapper.initServlet(StandardWrapper.java:1279)
	at org.apache.catalina.core.StandardWrapper.loadServlet(StandardWrapper.java:1192)
	at org.apache.catalina.core.StandardWrapper.load(StandardWrapper.java:1087)
	at org.apache.catalina.core.StandardContext.loadOnStartup(StandardContext.java:5210)
	at org.apache.catalina.core.StandardContext.startInternal(StandardContext.java:5493)
	at org.apache.catalina.util.LifecycleBase.start(LifecycleBase.java:150)
	at org.apache.catalina.core.ContainerBase$StartChild.call(ContainerBase.java:1559)
	at org.apache.catalina.core.ContainerBase$StartChild.call(ContainerBase.java:1549)
	at java.util.concurrent.FutureTask$Sync.innerRun(FutureTask.java:303)
	at java.util.concurrent.FutureTask.run(FutureTask.java:138)
	at java.util.concurrent.ThreadPoolExecutor$Worker.runTask(ThreadPoolExecutor.java:895)
	at java.util.concurrent.ThreadPoolExecutor$Worker.run(ThreadPoolExecutor.java:918)
	at java.lang.Thread.run(Thread.java:662)
Caused by: java.lang.ClassNotFoundException: org.wso2.carbon.statistics.services.SystemStatisticsUtil
	at org.eclipse.osgi.internal.loader.BundleLoader.findClassInternal(BundleLoader.java:501)
	at org.eclipse.osgi.internal.loader.BundleLoader.findClass(BundleLoader.java:421)
	at org.eclipse.osgi.internal.loader.BundleLoader.findClass(BundleLoader.java:412)
	at org.eclipse.osgi.internal.baseadaptor.DefaultClassLoader.loadClass(DefaultClassLoader.java:107)
	at java.lang.ClassLoader.loadClass(ClassLoader.java:247)
	... 85 more

!ENTRY org.wso2.carbon.tenant.usage.agent 2 0 2014-09-17 09:44:23.493
!MESSAGE [SCR] Exception occurred while getting method 'setRealmService' of class org.wso2.carbon.usage.agent.internal.UsageAgentServiceComponent 
	Details:
	Problematic reference = Reference[name = user.realmservice.default, interface = org.wso2.carbon.user.core.service.RealmService, policy = dynamic, cardinality = 1..1, target = null, bind = setRealmService, unbind = unsetRealmService]
	of service component = org.wso2.carbon.usage.agent
	component implementation class = org.wso2.carbon.usage.agent.internal.UsageAgentServiceComponent
	located in bundle with symbolic name = org.wso2.carbon.tenant.usage.agent
	bundle location = reference:file:../plugins/org.wso2.carbon.tenant.usage.agent_4.3.0.SNAPSHOT.jar
!STACK 0
java.lang.NoClassDefFoundError: org/wso2/carbon/statistics/services/SystemStatisticsUtil
	at java.lang.Class.getDeclaredMethods0(Native Method)
	at java.lang.Class.privateGetDeclaredMethods(Class.java:2436)
	at java.lang.Class.getDeclaredMethod(Class.java:1937)
	at org.eclipse.equinox.internal.ds.model.ComponentReference.getMethod(ComponentReference.java:161)
	at org.eclipse.equinox.internal.ds.model.ComponentReference.bind(ComponentReference.java:331)
	at org.eclipse.equinox.internal.ds.model.ServiceComponentProp.bindReference(ServiceComponentProp.java:432)
	at org.eclipse.equinox.internal.ds.model.ServiceComponentProp.bind(ServiceComponentProp.java:218)
	at org.eclipse.equinox.internal.ds.model.ServiceComponentProp.build(ServiceComponentProp.java:345)
	at org.eclipse.equinox.internal.ds.InstanceProcess.buildComponent(InstanceProcess.java:620)
	at org.eclipse.equinox.internal.ds.InstanceProcess.buildComponents(InstanceProcess.java:197)
	at org.eclipse.equinox.internal.ds.Resolver.getEligible(Resolver.java:343)
	at org.eclipse.equinox.internal.ds.SCRManager.serviceChanged(SCRManager.java:222)
	at org.eclipse.osgi.internal.serviceregistry.FilteredServiceListener.serviceChanged(FilteredServiceListener.java:107)
	at org.eclipse.osgi.framework.internal.core.BundleContextImpl.dispatchEvent(BundleContextImpl.java:861)
	at org.eclipse.osgi.framework.eventmgr.EventManager.dispatchEvent(EventManager.java:230)
	at org.eclipse.osgi.framework.eventmgr.ListenerQueue.dispatchEventSynchronous(ListenerQueue.java:148)
	at org.eclipse.osgi.internal.serviceregistry.ServiceRegistry.publishServiceEventPrivileged(ServiceRegistry.java:819)
	at org.eclipse.osgi.internal.serviceregistry.ServiceRegistry.publishServiceEvent(ServiceRegistry.java:771)
	at org.eclipse.osgi.internal.serviceregistry.ServiceRegistrationImpl.register(ServiceRegistrationImpl.java:130)
	at org.eclipse.osgi.internal.serviceregistry.ServiceRegistry.registerService(ServiceRegistry.java:214)
	at org.eclipse.osgi.framework.internal.core.BundleContextImpl.registerService(BundleContextImpl.java:433)
	at org.eclipse.osgi.framework.internal.core.BundleContextImpl.registerService(BundleContextImpl.java:451)
	at org.wso2.carbon.event.core.internal.builder.EventBrokerHandler.startEventBroker(EventBrokerHandler.java:58)
	at org.wso2.carbon.event.core.internal.builder.EventBrokerBuilderDS.activate(EventBrokerBuilderDS.java:72)
	at sun.reflect.NativeMethodAccessorImpl.invoke0(Native Method)
	at sun.reflect.NativeMethodAccessorImpl.invoke(NativeMethodAccessorImpl.java:39)
	at sun.reflect.DelegatingMethodAccessorImpl.invoke(DelegatingMethodAccessorImpl.java:25)
	at java.lang.reflect.Method.invoke(Method.java:597)
	at org.eclipse.equinox.internal.ds.model.ServiceComponent.activate(ServiceComponent.java:260)
	at org.eclipse.equinox.internal.ds.model.ServiceComponentProp.activate(ServiceComponentProp.java:146)
	at org.eclipse.equinox.internal.ds.model.ServiceComponentProp.build(ServiceComponentProp.java:347)
	at org.eclipse.equinox.internal.ds.InstanceProcess.buildComponent(InstanceProcess.java:620)
	at org.eclipse.equinox.internal.ds.InstanceProcess.buildComponents(InstanceProcess.java:197)
	at org.eclipse.equinox.internal.ds.Resolver.getEligible(Resolver.java:343)
	at org.eclipse.equinox.internal.ds.SCRManager.serviceChanged(SCRManager.java:222)
	at org.eclipse.osgi.internal.serviceregistry.FilteredServiceListener.serviceChanged(FilteredServiceListener.java:107)
	at org.eclipse.osgi.framework.internal.core.BundleContextImpl.dispatchEvent(BundleContextImpl.java:861)
	at org.eclipse.osgi.framework.eventmgr.EventManager.dispatchEvent(EventManager.java:230)
	at org.eclipse.osgi.framework.eventmgr.ListenerQueue.dispatchEventSynchronous(ListenerQueue.java:148)
	at org.eclipse.osgi.internal.serviceregistry.ServiceRegistry.publishServiceEventPrivileged(ServiceRegistry.java:819)
	at org.eclipse.osgi.internal.serviceregistry.ServiceRegistry.publishServiceEvent(ServiceRegistry.java:771)
	at org.eclipse.osgi.internal.serviceregistry.ServiceRegistrationImpl.register(ServiceRegistrationImpl.java:130)
	at org.eclipse.osgi.internal.serviceregistry.ServiceRegistry.registerService(ServiceRegistry.java:214)
	at org.eclipse.osgi.framework.internal.core.BundleContextImpl.registerService(BundleContextImpl.java:433)
	at org.eclipse.osgi.framework.internal.core.BundleContextImpl.registerService(BundleContextImpl.java:451)
	at org.wso2.carbon.core.init.CarbonServerManager.initializeCarbon(CarbonServerManager.java:517)
	at org.wso2.carbon.core.init.CarbonServerManager.start(CarbonServerManager.java:219)
	at org.wso2.carbon.core.internal.CarbonCoreServiceComponent.activate(CarbonCoreServiceComponent.java:80)
	at sun.reflect.NativeMethodAccessorImpl.invoke0(Native Method)
	at sun.reflect.NativeMethodAccessorImpl.invoke(NativeMethodAccessorImpl.java:39)
	at sun.reflect.DelegatingMethodAccessorImpl.invoke(DelegatingMethodAccessorImpl.java:25)
	at java.lang.reflect.Method.invoke(Method.java:597)
	at org.eclipse.equinox.internal.ds.model.ServiceComponent.activate(ServiceComponent.java:260)
	at org.eclipse.equinox.internal.ds.model.ServiceComponentProp.activate(ServiceComponentProp.java:146)
	at org.eclipse.equinox.internal.ds.model.ServiceComponentProp.build(ServiceComponentProp.java:347)
	at org.eclipse.equinox.internal.ds.InstanceProcess.buildComponent(InstanceProcess.java:620)
	at org.eclipse.equinox.internal.ds.InstanceProcess.buildComponents(InstanceProcess.java:197)
	at org.eclipse.equinox.internal.ds.Resolver.getEligible(Resolver.java:343)
	at org.eclipse.equinox.internal.ds.SCRManager.serviceChanged(SCRManager.java:222)
	at org.eclipse.osgi.internal.serviceregistry.FilteredServiceListener.serviceChanged(FilteredServiceListener.java:107)
	at org.eclipse.osgi.framework.internal.core.BundleContextImpl.dispatchEvent(BundleContextImpl.java:861)
	at org.eclipse.osgi.framework.eventmgr.EventManager.dispatchEvent(EventManager.java:230)
	at org.eclipse.osgi.framework.eventmgr.ListenerQueue.dispatchEventSynchronous(ListenerQueue.java:148)
	at org.eclipse.osgi.internal.serviceregistry.ServiceRegistry.publishServiceEventPrivileged(ServiceRegistry.java:819)
	at org.eclipse.osgi.internal.serviceregistry.ServiceRegistry.publishServiceEvent(ServiceRegistry.java:771)
	at org.eclipse.osgi.internal.serviceregistry.ServiceRegistrationImpl.register(ServiceRegistrationImpl.java:130)
	at org.eclipse.osgi.internal.serviceregistry.ServiceRegistry.registerService(ServiceRegistry.java:214)
	at org.eclipse.osgi.framework.internal.core.BundleContextImpl.registerService(BundleContextImpl.java:433)
	at org.eclipse.equinox.http.servlet.internal.Activator.registerHttpService(Activator.java:81)
	at org.eclipse.equinox.http.servlet.internal.Activator.addProxyServlet(Activator.java:60)
	at org.eclipse.equinox.http.servlet.internal.ProxyServlet.init(ProxyServlet.java:40)
	at org.wso2.carbon.tomcat.ext.servlet.DelegationServlet.init(DelegationServlet.java:38)
	at org.apache.catalina.core.StandardWrapper.initServlet(StandardWrapper.java:1279)
	at org.apache.catalina.core.StandardWrapper.loadServlet(StandardWrapper.java:1192)
	at org.apache.catalina.core.StandardWrapper.load(StandardWrapper.java:1087)
	at org.apache.catalina.core.StandardContext.loadOnStartup(StandardContext.java:5210)
	at org.apache.catalina.core.StandardContext.startInternal(StandardContext.java:5493)
	at org.apache.catalina.util.LifecycleBase.start(LifecycleBase.java:150)
	at org.apache.catalina.core.ContainerBase$StartChild.call(ContainerBase.java:1559)
	at org.apache.catalina.core.ContainerBase$StartChild.call(ContainerBase.java:1549)
	at java.util.concurrent.FutureTask$Sync.innerRun(FutureTask.java:303)
	at java.util.concurrent.FutureTask.run(FutureTask.java:138)
	at java.util.concurrent.ThreadPoolExecutor$Worker.runTask(ThreadPoolExecutor.java:895)
	at java.util.concurrent.ThreadPoolExecutor$Worker.run(ThreadPoolExecutor.java:918)
	at java.lang.Thread.run(Thread.java:662)
Caused by: java.lang.ClassNotFoundException: org.wso2.carbon.statistics.services.SystemStatisticsUtil
	at org.eclipse.osgi.internal.loader.BundleLoader.findClassInternal(BundleLoader.java:501)
	at org.eclipse.osgi.internal.loader.BundleLoader.findClass(BundleLoader.java:421)
	at org.eclipse.osgi.internal.loader.BundleLoader.findClass(BundleLoader.java:412)
	at org.eclipse.osgi.internal.baseadaptor.DefaultClassLoader.loadClass(DefaultClassLoader.java:107)
	at java.lang.ClassLoader.loadClass(ClassLoader.java:247)
	... 85 more

!ENTRY org.eclipse.equinox.ds 4 0 2014-09-17 09:44:23.494
!MESSAGE Error while building configuration of component Component[
	name = org.wso2.carbon.usage.agent
	factory = null
	autoenable = true
	immediate = true
	implementation = org.wso2.carbon.usage.agent.internal.UsageAgentServiceComponent
	state = Unsatisfied
	properties = {service.pid=org.wso2.carbon.usage.agent}
	serviceFactory = false
	serviceInterface = null
	references = {
		Reference[name = user.realmservice.default, interface = org.wso2.carbon.user.core.service.RealmService, policy = dynamic, cardinality = 1..1, target = null, bind = setRealmService, unbind = unsetRealmService]
		Reference[name = config.context.service, interface = org.wso2.carbon.utils.ConfigurationContextService, policy = dynamic, cardinality = 0..1, target = null, bind = setConfigurationContextService, unbind = unsetConfigurationContextService]
		Reference[name = server.configuration, interface = org.wso2.carbon.base.api.ServerConfigurationService, policy = dynamic, cardinality = 1..1, target = null, bind = setServerConfiguration, unbind = unsetServerConfiguration]
		Reference[name = eventbroker.service, interface = org.wso2.carbon.event.core.EventBroker, policy = dynamic, cardinality = 1..1, target = null, bind = setEventBrokerService, unbind = unsetEventBrokerService]
		Reference[name = org.wso2.carbon.statistics.services, interface = org.wso2.carbon.statistics.services.SystemStatisticsUtil, policy = dynamic, cardinality = 0..1, target = null, bind = setSystemStatisticsUtil, unbind = unsetSystemStatisticsUtil]
	}
	located in bundle = org.wso2.carbon.tenant.usage.agent_4.3.0.SNAPSHOT [281]
]
!STACK 0
java.lang.NoClassDefFoundError: org/wso2/carbon/statistics/services/SystemStatisticsUtil
	at java.lang.Class.getDeclaredMethods0(Native Method)
	at java.lang.Class.privateGetDeclaredMethods(Class.java:2436)
	at java.lang.Class.getDeclaredMethods(Class.java:1793)
	at org.eclipse.equinox.internal.ds.model.ComponentReference.getMethod(ComponentReference.java:173)
	at org.eclipse.equinox.internal.ds.model.ComponentReference.bind(ComponentReference.java:331)
	at org.eclipse.equinox.internal.ds.model.ServiceComponentProp.bindReference(ServiceComponentProp.java:432)
	at org.eclipse.equinox.internal.ds.model.ServiceComponentProp.bind(ServiceComponentProp.java:218)
	at org.eclipse.equinox.internal.ds.model.ServiceComponentProp.build(ServiceComponentProp.java:345)
	at org.eclipse.equinox.internal.ds.InstanceProcess.buildComponent(InstanceProcess.java:620)
	at org.eclipse.equinox.internal.ds.InstanceProcess.buildComponents(InstanceProcess.java:197)
	at org.eclipse.equinox.internal.ds.Resolver.getEligible(Resolver.java:343)
	at org.eclipse.equinox.internal.ds.SCRManager.serviceChanged(SCRManager.java:222)
	at org.eclipse.osgi.internal.serviceregistry.FilteredServiceListener.serviceChanged(FilteredServiceListener.java:107)
	at org.eclipse.osgi.framework.internal.core.BundleContextImpl.dispatchEvent(BundleContextImpl.java:861)
	at org.eclipse.osgi.framework.eventmgr.EventManager.dispatchEvent(EventManager.java:230)
	at org.eclipse.osgi.framework.eventmgr.ListenerQueue.dispatchEventSynchronous(ListenerQueue.java:148)
	at org.eclipse.osgi.internal.serviceregistry.ServiceRegistry.publishServiceEventPrivileged(ServiceRegistry.java:819)
	at org.eclipse.osgi.internal.serviceregistry.ServiceRegistry.publishServiceEvent(ServiceRegistry.java:771)
	at org.eclipse.osgi.internal.serviceregistry.ServiceRegistrationImpl.register(ServiceRegistrationImpl.java:130)
	at org.eclipse.osgi.internal.serviceregistry.ServiceRegistry.registerService(ServiceRegistry.java:214)
	at org.eclipse.osgi.framework.internal.core.BundleContextImpl.registerService(BundleContextImpl.java:433)
	at org.eclipse.osgi.framework.internal.core.BundleContextImpl.registerService(BundleContextImpl.java:451)
	at org.wso2.carbon.event.core.internal.builder.EventBrokerHandler.startEventBroker(EventBrokerHandler.java:58)
	at org.wso2.carbon.event.core.internal.builder.EventBrokerBuilderDS.activate(EventBrokerBuilderDS.java:72)
	at sun.reflect.NativeMethodAccessorImpl.invoke0(Native Method)
	at sun.reflect.NativeMethodAccessorImpl.invoke(NativeMethodAccessorImpl.java:39)
	at sun.reflect.DelegatingMethodAccessorImpl.invoke(DelegatingMethodAccessorImpl.java:25)
	at java.lang.reflect.Method.invoke(Method.java:597)
	at org.eclipse.equinox.internal.ds.model.ServiceComponent.activate(ServiceComponent.java:260)
	at org.eclipse.equinox.internal.ds.model.ServiceComponentProp.activate(ServiceComponentProp.java:146)
	at org.eclipse.equinox.internal.ds.model.ServiceComponentProp.build(ServiceComponentProp.java:347)
	at org.eclipse.equinox.internal.ds.InstanceProcess.buildComponent(InstanceProcess.java:620)
	at org.eclipse.equinox.internal.ds.InstanceProcess.buildComponents(InstanceProcess.java:197)
	at org.eclipse.equinox.internal.ds.Resolver.getEligible(Resolver.java:343)
	at org.eclipse.equinox.internal.ds.SCRManager.serviceChanged(SCRManager.java:222)
	at org.eclipse.osgi.internal.serviceregistry.FilteredServiceListener.serviceChanged(FilteredServiceListener.java:107)
	at org.eclipse.osgi.framework.internal.core.BundleContextImpl.dispatchEvent(BundleContextImpl.java:861)
	at org.eclipse.osgi.framework.eventmgr.EventManager.dispatchEvent(EventManager.java:230)
	at org.eclipse.osgi.framework.eventmgr.ListenerQueue.dispatchEventSynchronous(ListenerQueue.java:148)
	at org.eclipse.osgi.internal.serviceregistry.ServiceRegistry.publishServiceEventPrivileged(ServiceRegistry.java:819)
	at org.eclipse.osgi.internal.serviceregistry.ServiceRegistry.publishServiceEvent(ServiceRegistry.java:771)
	at org.eclipse.osgi.internal.serviceregistry.ServiceRegistrationImpl.register(ServiceRegistrationImpl.java:130)
	at org.eclipse.osgi.internal.serviceregistry.ServiceRegistry.registerService(ServiceRegistry.java:214)
	at org.eclipse.osgi.framework.internal.core.BundleContextImpl.registerService(BundleContextImpl.java:433)
	at org.eclipse.osgi.framework.internal.core.BundleContextImpl.registerService(BundleContextImpl.java:451)
	at org.wso2.carbon.core.init.CarbonServerManager.initializeCarbon(CarbonServerManager.java:517)
	at org.wso2.carbon.core.init.CarbonServerManager.start(CarbonServerManager.java:219)
	at org.wso2.carbon.core.internal.CarbonCoreServiceComponent.activate(CarbonCoreServiceComponent.java:80)
	at sun.reflect.NativeMethodAccessorImpl.invoke0(Native Method)
	at sun.reflect.NativeMethodAccessorImpl.invoke(NativeMethodAccessorImpl.java:39)
	at sun.reflect.DelegatingMethodAccessorImpl.invoke(DelegatingMethodAccessorImpl.java:25)
	at java.lang.reflect.Method.invoke(Method.java:597)
	at org.eclipse.equinox.internal.ds.model.ServiceComponent.activate(ServiceComponent.java:260)
	at org.eclipse.equinox.internal.ds.model.ServiceComponentProp.activate(ServiceComponentProp.java:146)
	at org.eclipse.equinox.internal.ds.model.ServiceComponentProp.build(ServiceComponentProp.java:347)
	at org.eclipse.equinox.internal.ds.InstanceProcess.buildComponent(InstanceProcess.java:620)
	at org.eclipse.equinox.internal.ds.InstanceProcess.buildComponents(InstanceProcess.java:197)
	at org.eclipse.equinox.internal.ds.Resolver.getEligible(Resolver.java:343)
	at org.eclipse.equinox.internal.ds.SCRManager.serviceChanged(SCRManager.java:222)
	at org.eclipse.osgi.internal.serviceregistry.FilteredServiceListener.serviceChanged(FilteredServiceListener.java:107)
	at org.eclipse.osgi.framework.internal.core.BundleContextImpl.dispatchEvent(BundleContextImpl.java:861)
	at org.eclipse.osgi.framework.eventmgr.EventManager.dispatchEvent(EventManager.java:230)
	at org.eclipse.osgi.framework.eventmgr.ListenerQueue.dispatchEventSynchronous(ListenerQueue.java:148)
	at org.eclipse.osgi.internal.serviceregistry.ServiceRegistry.publishServiceEventPrivileged(ServiceRegistry.java:819)
	at org.eclipse.osgi.internal.serviceregistry.ServiceRegistry.publishServiceEvent(ServiceRegistry.java:771)
	at org.eclipse.osgi.internal.serviceregistry.ServiceRegistrationImpl.register(ServiceRegistrationImpl.java:130)
	at org.eclipse.osgi.internal.serviceregistry.ServiceRegistry.registerService(ServiceRegistry.java:214)
	at org.eclipse.osgi.framework.internal.core.BundleContextImpl.registerService(BundleContextImpl.java:433)
	at org.eclipse.equinox.http.servlet.internal.Activator.registerHttpService(Activator.java:81)
	at org.eclipse.equinox.http.servlet.internal.Activator.addProxyServlet(Activator.java:60)
	at org.eclipse.equinox.http.servlet.internal.ProxyServlet.init(ProxyServlet.java:40)
	at org.wso2.carbon.tomcat.ext.servlet.DelegationServlet.init(DelegationServlet.java:38)
	at org.apache.catalina.core.StandardWrapper.initServlet(StandardWrapper.java:1279)
	at org.apache.catalina.core.StandardWrapper.loadServlet(StandardWrapper.java:1192)
	at org.apache.catalina.core.StandardWrapper.load(StandardWrapper.java:1087)
	at org.apache.catalina.core.StandardContext.loadOnStartup(StandardContext.java:5210)
	at org.apache.catalina.core.StandardContext.startInternal(StandardContext.java:5493)
	at org.apache.catalina.util.LifecycleBase.start(LifecycleBase.java:150)
	at org.apache.catalina.core.ContainerBase$StartChild.call(ContainerBase.java:1559)
	at org.apache.catalina.core.ContainerBase$StartChild.call(ContainerBase.java:1549)
	at java.util.concurrent.FutureTask$Sync.innerRun(FutureTask.java:303)
	at java.util.concurrent.FutureTask.run(FutureTask.java:138)
	at java.util.concurrent.ThreadPoolExecutor$Worker.runTask(ThreadPoolExecutor.java:895)
	at java.util.concurrent.ThreadPoolExecutor$Worker.run(ThreadPoolExecutor.java:918)
	at java.lang.Thread.run(Thread.java:662)
Caused by: java.lang.ClassNotFoundException: org.wso2.carbon.statistics.services.SystemStatisticsUtil
	at org.eclipse.osgi.internal.loader.BundleLoader.findClassInternal(BundleLoader.java:501)
	at org.eclipse.osgi.internal.loader.BundleLoader.findClass(BundleLoader.java:421)
	at org.eclipse.osgi.internal.loader.BundleLoader.findClass(BundleLoader.java:412)
	at org.eclipse.osgi.internal.baseadaptor.DefaultClassLoader.loadClass(DefaultClassLoader.java:107)
	at java.lang.ClassLoader.loadClass(ClassLoader.java:247)
	... 85 more

!ENTRY org.eclipse.equinox.ds 4 0 2014-09-17 09:44:23.494
!MESSAGE Error while building configuration of component Component[
	name = org.wso2.carbon.usage.agent
	factory = null
	autoenable = true
	immediate = true
	implementation = org.wso2.carbon.usage.agent.internal.UsageAgentServiceComponent
	state = Unsatisfied
	properties = {service.pid=org.wso2.carbon.usage.agent}
	serviceFactory = false
	serviceInterface = null
	references = {
		Reference[name = user.realmservice.default, interface = org.wso2.carbon.user.core.service.RealmService, policy = dynamic, cardinality = 1..1, target = null, bind = setRealmService, unbind = unsetRealmService]
		Reference[name = config.context.service, interface = org.wso2.carbon.utils.ConfigurationContextService, policy = dynamic, cardinality = 0..1, target = null, bind = setConfigurationContextService, unbind = unsetConfigurationContextService]
		Reference[name = server.configuration, interface = org.wso2.carbon.base.api.ServerConfigurationService, policy = dynamic, cardinality = 1..1, target = null, bind = setServerConfiguration, unbind = unsetServerConfiguration]
		Reference[name = eventbroker.service, interface = org.wso2.carbon.event.core.EventBroker, policy = dynamic, cardinality = 1..1, target = null, bind = setEventBrokerService, unbind = unsetEventBrokerService]
		Reference[name = org.wso2.carbon.statistics.services, interface = org.wso2.carbon.statistics.services.SystemStatisticsUtil, policy = dynamic, cardinality = 0..1, target = null, bind = setSystemStatisticsUtil, unbind = unsetSystemStatisticsUtil]
	}
	located in bundle = org.wso2.carbon.tenant.usage.agent_4.3.0.SNAPSHOT [281]
]
!STACK 0
java.lang.NoClassDefFoundError: org/wso2/carbon/statistics/services/SystemStatisticsUtil
	at java.lang.Class.getDeclaredMethods0(Native Method)
	at java.lang.Class.privateGetDeclaredMethods(Class.java:2436)
	at java.lang.Class.getDeclaredMethods(Class.java:1793)
	at org.eclipse.equinox.internal.ds.model.ComponentReference.getMethod(ComponentReference.java:173)
	at org.eclipse.equinox.internal.ds.model.ComponentReference.bind(ComponentReference.java:331)
	at org.eclipse.equinox.internal.ds.model.ServiceComponentProp.bindReference(ServiceComponentProp.java:432)
	at org.eclipse.equinox.internal.ds.model.ServiceComponentProp.bind(ServiceComponentProp.java:218)
	at org.eclipse.equinox.internal.ds.model.ServiceComponentProp.build(ServiceComponentProp.java:345)
	at org.eclipse.equinox.internal.ds.InstanceProcess.buildComponent(InstanceProcess.java:620)
	at org.eclipse.equinox.internal.ds.InstanceProcess.buildComponents(InstanceProcess.java:197)
	at org.eclipse.equinox.internal.ds.Resolver.getEligible(Resolver.java:343)
	at org.eclipse.equinox.internal.ds.SCRManager.serviceChanged(SCRManager.java:222)
	at org.eclipse.osgi.internal.serviceregistry.FilteredServiceListener.serviceChanged(FilteredServiceListener.java:107)
	at org.eclipse.osgi.framework.internal.core.BundleContextImpl.dispatchEvent(BundleContextImpl.java:861)
	at org.eclipse.osgi.framework.eventmgr.EventManager.dispatchEvent(EventManager.java:230)
	at org.eclipse.osgi.framework.eventmgr.ListenerQueue.dispatchEventSynchronous(ListenerQueue.java:148)
	at org.eclipse.osgi.internal.serviceregistry.ServiceRegistry.publishServiceEventPrivileged(ServiceRegistry.java:819)
	at org.eclipse.osgi.internal.serviceregistry.ServiceRegistry.publishServiceEvent(ServiceRegistry.java:771)
	at org.eclipse.osgi.internal.serviceregistry.ServiceRegistrationImpl.register(ServiceRegistrationImpl.java:130)
	at org.eclipse.osgi.internal.serviceregistry.ServiceRegistry.registerService(ServiceRegistry.java:214)
	at org.eclipse.osgi.framework.internal.core.BundleContextImpl.registerService(BundleContextImpl.java:433)
	at org.eclipse.osgi.framework.internal.core.BundleContextImpl.registerService(BundleContextImpl.java:451)
	at org.wso2.carbon.event.core.internal.builder.EventBrokerHandler.startEventBroker(EventBrokerHandler.java:58)
	at org.wso2.carbon.event.core.internal.builder.EventBrokerBuilderDS.activate(EventBrokerBuilderDS.java:72)
	at sun.reflect.NativeMethodAccessorImpl.invoke0(Native Method)
	at sun.reflect.NativeMethodAccessorImpl.invoke(NativeMethodAccessorImpl.java:39)
	at sun.reflect.DelegatingMethodAccessorImpl.invoke(DelegatingMethodAccessorImpl.java:25)
	at java.lang.reflect.Method.invoke(Method.java:597)
	at org.eclipse.equinox.internal.ds.model.ServiceComponent.activate(ServiceComponent.java:260)
	at org.eclipse.equinox.internal.ds.model.ServiceComponentProp.activate(ServiceComponentProp.java:146)
	at org.eclipse.equinox.internal.ds.model.ServiceComponentProp.build(ServiceComponentProp.java:347)
	at org.eclipse.equinox.internal.ds.InstanceProcess.buildComponent(InstanceProcess.java:620)
	at org.eclipse.equinox.internal.ds.InstanceProcess.buildComponents(InstanceProcess.java:197)
	at org.eclipse.equinox.internal.ds.Resolver.getEligible(Resolver.java:343)
	at org.eclipse.equinox.internal.ds.SCRManager.serviceChanged(SCRManager.java:222)
	at org.eclipse.osgi.internal.serviceregistry.FilteredServiceListener.serviceChanged(FilteredServiceListener.java:107)
	at org.eclipse.osgi.framework.internal.core.BundleContextImpl.dispatchEvent(BundleContextImpl.java:861)
	at org.eclipse.osgi.framework.eventmgr.EventManager.dispatchEvent(EventManager.java:230)
	at org.eclipse.osgi.framework.eventmgr.ListenerQueue.dispatchEventSynchronous(ListenerQueue.java:148)
	at org.eclipse.osgi.internal.serviceregistry.ServiceRegistry.publishServiceEventPrivileged(ServiceRegistry.java:819)
	at org.eclipse.osgi.internal.serviceregistry.ServiceRegistry.publishServiceEvent(ServiceRegistry.java:771)
	at org.eclipse.osgi.internal.serviceregistry.ServiceRegistrationImpl.register(ServiceRegistrationImpl.java:130)
	at org.eclipse.osgi.internal.serviceregistry.ServiceRegistry.registerService(ServiceRegistry.java:214)
	at org.eclipse.osgi.framework.internal.core.BundleContextImpl.registerService(BundleContextImpl.java:433)
	at org.eclipse.osgi.framework.internal.core.BundleContextImpl.registerService(BundleContextImpl.java:451)
	at org.wso2.carbon.core.init.CarbonServerManager.initializeCarbon(CarbonServerManager.java:517)
	at org.wso2.carbon.core.init.CarbonServerManager.start(CarbonServerManager.java:219)
	at org.wso2.carbon.core.internal.CarbonCoreServiceComponent.activate(CarbonCoreServiceComponent.java:80)
	at sun.reflect.NativeMethodAccessorImpl.invoke0(Native Method)
	at sun.reflect.NativeMethodAccessorImpl.invoke(NativeMethodAccessorImpl.java:39)
	at sun.reflect.DelegatingMethodAccessorImpl.invoke(DelegatingMethodAccessorImpl.java:25)
	at java.lang.reflect.Method.invoke(Method.java:597)
	at org.eclipse.equinox.internal.ds.model.ServiceComponent.activate(ServiceComponent.java:260)
	at org.eclipse.equinox.internal.ds.model.ServiceComponentProp.activate(ServiceComponentProp.java:146)
	at org.eclipse.equinox.internal.ds.model.ServiceComponentProp.build(ServiceComponentProp.java:347)
	at org.eclipse.equinox.internal.ds.InstanceProcess.buildComponent(InstanceProcess.java:620)
	at org.eclipse.equinox.internal.ds.InstanceProcess.buildComponents(InstanceProcess.java:197)
	at org.eclipse.equinox.internal.ds.Resolver.getEligible(Resolver.java:343)
	at org.eclipse.equinox.internal.ds.SCRManager.serviceChanged(SCRManager.java:222)
	at org.eclipse.osgi.internal.serviceregistry.FilteredServiceListener.serviceChanged(FilteredServiceListener.java:107)
	at org.eclipse.osgi.framework.internal.core.BundleContextImpl.dispatchEvent(BundleContextImpl.java:861)
	at org.eclipse.osgi.framework.eventmgr.EventManager.dispatchEvent(EventManager.java:230)
	at org.eclipse.osgi.framework.eventmgr.ListenerQueue.dispatchEventSynchronous(ListenerQueue.java:148)
	at org.eclipse.osgi.internal.serviceregistry.ServiceRegistry.publishServiceEventPrivileged(ServiceRegistry.java:819)
	at org.eclipse.osgi.internal.serviceregistry.ServiceRegistry.publishServiceEvent(ServiceRegistry.java:771)
	at org.eclipse.osgi.internal.serviceregistry.ServiceRegistrationImpl.register(ServiceRegistrationImpl.java:130)
	at org.eclipse.osgi.internal.serviceregistry.ServiceRegistry.registerService(ServiceRegistry.java:214)
	at org.eclipse.osgi.framework.internal.core.BundleContextImpl.registerService(BundleContextImpl.java:433)
	at org.eclipse.equinox.http.servlet.internal.Activator.registerHttpService(Activator.java:81)
	at org.eclipse.equinox.http.servlet.internal.Activator.addProxyServlet(Activator.java:60)
	at org.eclipse.equinox.http.servlet.internal.ProxyServlet.init(ProxyServlet.java:40)
	at org.wso2.carbon.tomcat.ext.servlet.DelegationServlet.init(DelegationServlet.java:38)
	at org.apache.catalina.core.StandardWrapper.initServlet(StandardWrapper.java:1279)
	at org.apache.catalina.core.StandardWrapper.loadServlet(StandardWrapper.java:1192)
	at org.apache.catalina.core.StandardWrapper.load(StandardWrapper.java:1087)
	at org.apache.catalina.core.StandardContext.loadOnStartup(StandardContext.java:5210)
	at org.apache.catalina.core.StandardContext.startInternal(StandardContext.java:5493)
	at org.apache.catalina.util.LifecycleBase.start(LifecycleBase.java:150)
	at org.apache.catalina.core.ContainerBase$StartChild.call(ContainerBase.java:1559)
	at org.apache.catalina.core.ContainerBase$StartChild.call(ContainerBase.java:1549)
	at java.util.concurrent.FutureTask$Sync.innerRun(FutureTask.java:303)
	at java.util.concurrent.FutureTask.run(FutureTask.java:138)
	at java.util.concurrent.ThreadPoolExecutor$Worker.runTask(ThreadPoolExecutor.java:895)
	at java.util.concurrent.ThreadPoolExecutor$Worker.run(ThreadPoolExecutor.java:918)
	at java.lang.Thread.run(Thread.java:662)
Caused by: java.lang.ClassNotFoundException: org.wso2.carbon.statistics.services.SystemStatisticsUtil
	at org.eclipse.osgi.internal.loader.BundleLoader.findClassInternal(BundleLoader.java:501)
	at org.eclipse.osgi.internal.loader.BundleLoader.findClass(BundleLoader.java:421)
	at org.eclipse.osgi.internal.loader.BundleLoader.findClass(BundleLoader.java:412)
	at org.eclipse.osgi.internal.baseadaptor.DefaultClassLoader.loadClass(DefaultClassLoader.java:107)
	at java.lang.ClassLoader.loadClass(ClassLoader.java:247)
	... 85 more
